{"uuid":"281f1df0-9dfb-4c9a-9ec1-91b219b21ea3","historyId":"7406c4829508da5520ce60f3d9cd10c7","fullName":"Signin functionality: Signin with valid credentials","labels":[{"name":"tag","value":"success"},{"name":"host","value":"Admin"},{"name":"thread","value":"3568@Admin.main(1)"},{"name":"feature","value":"Signin functionality"},{"name":"story","value":"Signin with valid credentials"},{"name":"suite","value":"Signin functionality"},{"name":"testClass","value":"Signin with valid credentials"},{"name":"framework","value":"cucumber4jvm"},{"name":"language","value":"java"},{"name":"gherkin_uri","value":"file:///F:/Eclipse/buihanh-doanTN-BDD/src/test/resources/Features/Signin.feature"},{"name":"package","value":"src.test.resources.Features.Signin_feature.Signin functionality"}],"links":[],"name":"Signin with valid credentials","status":"failed","statusDetails":{"known":false,"muted":false,"flaky":false,"message":"Sign in | RISE - Ultimate Project Manager and CRM != Dashboard | RISE - Ultimate Project Manager and CRM expected [Dashboard | RISE - Ultimate Project Manager and CRM] but found [Sign in | RISE - Ultimate Project Manager and CRM]","trace":"java.lang.AssertionError: Sign in | RISE - Ultimate Project Manager and CRM != Dashboard | RISE - Ultimate Project Manager and CRM expected [Dashboard | RISE - Ultimate Project Manager and CRM] but found [Sign in | RISE - Ultimate Project Manager and CRM]\r\n\tat org.testng.Assert.fail(Assert.java:99)\r\n\tat org.testng.Assert.failNotEquals(Assert.java:1037)\r\n\tat org.testng.Assert.assertEqualsImpl(Assert.java:140)\r\n\tat org.testng.Assert.assertEquals(Assert.java:122)\r\n\tat buihanh.keywords.WebUI.verifyEquals(WebUI.java:898)\r\n\tat buihanh.projects.steps.SigninSteps.theUserRedirectToDashboardPage(SigninSteps.java:51)\r\n\tat ✽.User is redirected to the Dashboard page(file:///F:/Eclipse/buihanh-doanTN-BDD/src/test/resources/Features/Signin.feature:9)\r\n"},"stage":"finished","steps":[{"name":"Given  User navigate to url","status":"passed","statusDetails":{"known":false,"muted":false,"flaky":false},"stage":"finished","steps":[],"attachments":[],"parameters":[],"start":1686590091163,"stop":1686590091163},{"name":"When  User enters vaild email \"client@đemo.com\" into email field","status":"passed","statusDetails":{"known":false,"muted":false,"flaky":false},"stage":"finished","steps":[{"name":"Clear value in textbox","status":"passed","stage":"finished","steps":[{"name":"Verify element visible By.id: email","status":"passed","stage":"finished","steps":[],"attachments":[],"parameters":[{"name":"by","value":"By.id: email"},{"name":"timeout","value":"1"}],"start":1686590091198,"stop":1686590091232}],"attachments":[],"parameters":[{"name":"by","value":"By.id: email"}],"start":1686590091165,"stop":1686590091310},{"name":"Set text on textbox","status":"passed","stage":"finished","steps":[{"name":"Verify element visible By.id: email","status":"passed","stage":"finished","steps":[],"attachments":[],"parameters":[{"name":"by","value":"By.id: email"},{"name":"timeout","value":"1"}],"start":1686590091333,"stop":1686590091362}],"attachments":[],"parameters":[{"name":"by","value":"By.id: email"},{"name":"value","value":"client@đemo.com"}],"start":1686590091310,"stop":1686590091475}],"attachments":[],"parameters":[],"start":1686590091164,"stop":1686590091476},{"name":"And  User enters valid password \"riseDemo\" into password field","status":"passed","statusDetails":{"known":false,"muted":false,"flaky":false},"stage":"finished","steps":[{"name":"Clear value in textbox","status":"passed","stage":"finished","steps":[{"name":"Verify element visible By.id: password","status":"passed","stage":"finished","steps":[],"attachments":[],"parameters":[{"name":"by","value":"By.id: password"},{"name":"timeout","value":"1"}],"start":1686590091505,"stop":1686590091536}],"attachments":[],"parameters":[{"name":"by","value":"By.id: password"}],"start":1686590091476,"stop":1686590091605},{"name":"Set text on textbox","status":"passed","stage":"finished","steps":[{"name":"Verify element visible By.id: password","status":"passed","stage":"finished","steps":[],"attachments":[],"parameters":[{"name":"by","value":"By.id: password"},{"name":"timeout","value":"1"}],"start":1686590091633,"stop":1686590091663}],"attachments":[],"parameters":[{"name":"by","value":"By.id: password"},{"name":"value","value":"riseDemo"}],"start":1686590091605,"stop":1686590091755}],"attachments":[],"parameters":[],"start":1686590091476,"stop":1686590091755},{"name":"And  User clicks on Sign in button","status":"passed","statusDetails":{"known":false,"muted":false,"flaky":false},"stage":"finished","steps":[{"name":"Click on the element By.xpath: //button[normalize-space()='Sign in']","status":"passed","stage":"finished","steps":[{"name":"Verify element visible By.xpath: //button[normalize-space()='Sign in']","status":"passed","stage":"finished","steps":[],"attachments":[],"parameters":[{"name":"by","value":"By.xpath: //button[normalize-space()='Sign in']"},{"name":"timeout","value":"1"}],"start":1686590091786,"stop":1686590091819}],"attachments":[],"parameters":[{"name":"by","value":"By.xpath: //button[normalize-space()='Sign in']"}],"start":1686590091756,"stop":1686590091903}],"attachments":[],"parameters":[],"start":1686590091755,"stop":1686590091904},{"name":"Then  User is redirected to the Dashboard page","status":"failed","statusDetails":{"known":false,"muted":false,"flaky":false,"message":"Sign in | RISE - Ultimate Project Manager and CRM != Dashboard | RISE - Ultimate Project Manager and CRM expected [Dashboard | RISE - Ultimate Project Manager and CRM] but found [Sign in | RISE - Ultimate Project Manager and CRM]","trace":"java.lang.AssertionError: Sign in | RISE - Ultimate Project Manager and CRM != Dashboard | RISE - Ultimate Project Manager and CRM expected [Dashboard | RISE - Ultimate Project Manager and CRM] but found [Sign in | RISE - Ultimate Project Manager and CRM]\r\n\tat org.testng.Assert.fail(Assert.java:99)\r\n\tat org.testng.Assert.failNotEquals(Assert.java:1037)\r\n\tat org.testng.Assert.assertEqualsImpl(Assert.java:140)\r\n\tat org.testng.Assert.assertEquals(Assert.java:122)\r\n\tat buihanh.keywords.WebUI.verifyEquals(WebUI.java:898)\r\n\tat buihanh.projects.steps.SigninSteps.theUserRedirectToDashboardPage(SigninSteps.java:51)\r\n\tat ✽.User is redirected to the Dashboard page(file:///F:/Eclipse/buihanh-doanTN-BDD/src/test/resources/Features/Signin.feature:9)\r\n"},"stage":"finished","steps":[{"name":"Verify Equals: Sign in | RISE - Ultimate Project Manager and CRM ---AND--- Dashboard | RISE - Ultimate Project Manager and CRM","status":"failed","statusDetails":{"known":false,"muted":false,"flaky":false,"message":"Sign in | RISE - Ultimate Project Manager and CRM != Dashboard | RISE - Ultimate Project Manager and CRM expected [Dashboard | RISE - Ultimate Project Manager and CRM] but found [Sign in | RISE - Ultimate Project Manager and CRM]","trace":"java.lang.AssertionError: Sign in | RISE - Ultimate Project Manager and CRM != Dashboard | RISE - Ultimate Project Manager and CRM expected [Dashboard | RISE - Ultimate Project Manager and CRM] but found [Sign in | RISE - Ultimate Project Manager and CRM]\r\n\tat org.testng.Assert.fail(Assert.java:99)\r\n\tat org.testng.Assert.failNotEquals(Assert.java:1037)\r\n\tat org.testng.Assert.assertEqualsImpl(Assert.java:140)\r\n\tat org.testng.Assert.assertEquals(Assert.java:122)\r\n\tat buihanh.keywords.WebUI.verifyEquals(WebUI.java:898)\r\n\tat buihanh.projects.steps.SigninSteps.theUserRedirectToDashboardPage(SigninSteps.java:51)\r\n\tat java.base/jdk.internal.reflect.DirectMethodHandleAccessor.invoke(DirectMethodHandleAccessor.java:104)\r\n\tat java.base/java.lang.reflect.Method.invoke(Method.java:577)\r\n\tat io.cucumber.java.Invoker.doInvoke(Invoker.java:66)\r\n\tat io.cucumber.java.Invoker.invoke(Invoker.java:24)\r\n\tat io.cucumber.java.AbstractGlueDefinition.invokeMethod(AbstractGlueDefinition.java:47)\r\n\tat io.cucumber.java.JavaStepDefinition.execute(JavaStepDefinition.java:29)\r\n\tat io.cucumber.core.runner.CoreStepDefinition.execute(CoreStepDefinition.java:66)\r\n\tat io.cucumber.core.runner.PickleStepDefinitionMatch.runStep(PickleStepDefinitionMatch.java:63)\r\n\tat io.cucumber.core.runner.ExecutionMode$1.execute(ExecutionMode.java:10)\r\n\tat io.cucumber.core.runner.TestStep.executeStep(TestStep.java:86)\r\n\tat io.cucumber.core.runner.TestStep.run(TestStep.java:57)\r\n\tat io.cucumber.core.runner.PickleStepTestStep.run(PickleStepTestStep.java:51)\r\n\tat io.cucumber.core.runner.TestCase.run(TestCase.java:95)\r\n\tat io.cucumber.core.runner.Runner.runPickle(Runner.java:75)\r\n\tat io.cucumber.junit.PickleRunners$NoStepDescriptions.lambda$run$0(PickleRunners.java:151)\r\n\tat io.cucumber.core.runtime.CucumberExecutionContext.lambda$runTestCase$3(CucumberExecutionContext.java:151)\r\n\tat io.cucumber.core.runtime.RethrowingThrowableCollector.executeAndThrow(RethrowingThrowableCollector.java:23)\r\n\tat io.cucumber.core.runtime.CucumberExecutionContext.runTestCase(CucumberExecutionContext.java:151)\r\n\tat io.cucumber.junit.PickleRunners$NoStepDescriptions.run(PickleRunners.java:148)\r\n\tat io.cucumber.junit.FeatureRunner.runChild(FeatureRunner.java:144)\r\n\tat io.cucumber.junit.FeatureRunner.runChild(FeatureRunner.java:28)\r\n\tat org.junit.runners.ParentRunner$4.run(ParentRunner.java:331)\r\n\tat org.junit.runners.ParentRunner$1.schedule(ParentRunner.java:79)\r\n\tat org.junit.runners.ParentRunner.runChildren(ParentRunner.java:329)\r\n\tat org.junit.runners.ParentRunner.access$100(ParentRunner.java:66)\r\n\tat org.junit.runners.ParentRunner$2.evaluate(ParentRunner.java:293)\r\n\tat org.junit.runners.ParentRunner$3.evaluate(ParentRunner.java:306)\r\n\tat org.junit.runners.ParentRunner.run(ParentRunner.java:413)\r\n\tat io.cucumber.junit.FeatureRunner.run(FeatureRunner.java:137)\r\n\tat io.cucumber.junit.Cucumber.runChild(Cucumber.java:196)\r\n\tat io.cucumber.junit.Cucumber.runChild(Cucumber.java:89)\r\n\tat org.junit.runners.ParentRunner$4.run(ParentRunner.java:331)\r\n\tat org.junit.runners.ParentRunner$1.schedule(ParentRunner.java:79)\r\n\tat org.junit.runners.ParentRunner.runChildren(ParentRunner.java:329)\r\n\tat org.junit.runners.ParentRunner.access$100(ParentRunner.java:66)\r\n\tat org.junit.runners.ParentRunner$2.evaluate(ParentRunner.java:293)\r\n\tat io.cucumber.junit.Cucumber$RunBeforeAllHooks.evaluate(Cucumber.java:266)\r\n\tat io.cucumber.junit.Cucumber$RunAfterAllHooks.evaluate(Cucumber.java:281)\r\n\tat io.cucumber.junit.Cucumber$StartTestRun.evaluate(Cucumber.java:233)\r\n\tat io.cucumber.junit.Cucumber$FinishTestRun.evaluate(Cucumber.java:248)\r\n\tat org.junit.runners.ParentRunner$3.evaluate(ParentRunner.java:306)\r\n\tat org.junit.runners.ParentRunner.run(ParentRunner.java:413)\r\n\tat org.junit.runner.JUnitCore.run(JUnitCore.java:137)\r\n\tat org.junit.runner.JUnitCore.run(JUnitCore.java:115)\r\n\tat org.junit.vintage.engine.execution.RunnerExecutor.execute(RunnerExecutor.java:42)\r\n\tat org.junit.vintage.engine.VintageTestEngine.executeAllChildren(VintageTestEngine.java:80)\r\n\tat org.junit.vintage.engine.VintageTestEngine.execute(VintageTestEngine.java:72)\r\n\tat org.junit.platform.launcher.core.EngineExecutionOrchestrator.execute(EngineExecutionOrchestrator.java:107)\r\n\tat org.junit.platform.launcher.core.EngineExecutionOrchestrator.execute(EngineExecutionOrchestrator.java:88)\r\n\tat org.junit.platform.launcher.core.EngineExecutionOrchestrator.lambda$execute$0(EngineExecutionOrchestrator.java:54)\r\n\tat org.junit.platform.launcher.core.EngineExecutionOrchestrator.withInterceptedStreams(EngineExecutionOrchestrator.java:67)\r\n\tat org.junit.platform.launcher.core.EngineExecutionOrchestrator.execute(EngineExecutionOrchestrator.java:52)\r\n\tat org.junit.platform.launcher.core.DefaultLauncher.execute(DefaultLauncher.java:114)\r\n\tat org.junit.platform.launcher.core.DefaultLauncher.execute(DefaultLauncher.java:86)\r\n\tat org.junit.platform.launcher.core.DefaultLauncherSession$DelegatingLauncher.execute(DefaultLauncherSession.java:86)\r\n\tat org.junit.platform.launcher.core.SessionPerRequestLauncher.execute(SessionPerRequestLauncher.java:53)\r\n\tat org.apache.maven.surefire.junitplatform.JUnitPlatformProvider.execute(JUnitPlatformProvider.java:188)\r\n\tat org.apache.maven.surefire.junitplatform.JUnitPlatformProvider.invokeAllTests(JUnitPlatformProvider.java:154)\r\n\tat org.apache.maven.surefire.junitplatform.JUnitPlatformProvider.invoke(JUnitPlatformProvider.java:128)\r\n\tat org.apache.maven.surefire.booter.ForkedBooter.runSuitesInProcess(ForkedBooter.java:428)\r\n\tat org.apache.maven.surefire.booter.ForkedBooter.execute(ForkedBooter.java:162)\r\n\tat org.apache.maven.surefire.booter.ForkedBooter.run(ForkedBooter.java:562)\r\n\tat org.apache.maven.surefire.booter.ForkedBooter.main(ForkedBooter.java:548)\r\n"},"stage":"finished","steps":[],"attachments":[],"parameters":[{"name":"value1","value":"Sign in | RISE - Ultimate Project Manager and CRM"},{"name":"value2","value":"Dashboard | RISE - Ultimate Project Manager and CRM"}],"start":1686590091915,"stop":1686590092933}],"attachments":[],"parameters":[],"start":1686590091905,"stop":1686590092934}],"attachments":[],"parameters":[{"name":"email","value":"client@đemo.com"},{"name":"password","value":"riseDemo"}],"start":1686590085837,"stop":1686590094535}