{"uuid":"fa35681e-110f-41a9-82ef-489a8b8561a5","historyId":"37cbf9aa4033e2213125a01c5e391f12","fullName":"Signin functionality: Signin with invalid email and valid password","labels":[{"name":"tag","value":"failure"},{"name":"host","value":"Admin"},{"name":"thread","value":"3568@Admin.main(1)"},{"name":"feature","value":"Signin functionality"},{"name":"story","value":"Signin with invalid email and valid password"},{"name":"suite","value":"Signin functionality"},{"name":"testClass","value":"Signin with invalid email and valid password"},{"name":"framework","value":"cucumber4jvm"},{"name":"language","value":"java"},{"name":"gherkin_uri","value":"file:///F:/Eclipse/buihanh-doanTN-BDD/src/test/resources/Features/Signin.feature"},{"name":"package","value":"src.test.resources.Features.Signin_feature.Signin functionality"}],"links":[],"name":"Signin with invalid email and valid password","status":"failed","statusDetails":{"known":false,"muted":false,"flaky":false,"message":"Please enter a valid email address. != Please enter a valid email address…. expected [Please enter a valid email address….] but found [Please enter a valid email address.]","trace":"java.lang.AssertionError: Please enter a valid email address. != Please enter a valid email address…. expected [Please enter a valid email address….] but found [Please enter a valid email address.]\r\n\tat org.testng.Assert.fail(Assert.java:99)\r\n\tat org.testng.Assert.failNotEquals(Assert.java:1037)\r\n\tat org.testng.Assert.assertEqualsImpl(Assert.java:140)\r\n\tat org.testng.Assert.assertEquals(Assert.java:122)\r\n\tat buihanh.keywords.WebUI.verifyEquals(WebUI.java:898)\r\n\tat buihanh.projects.steps.SigninSteps.user_receives_a_formatting_error_message_right_under_the_email_field(SigninSteps.java:72)\r\n\tat ✽.User receives a formatting error message right under the email field(file:///F:/Eclipse/buihanh-doanTN-BDD/src/test/resources/Features/Signin.feature:28)\r\n"},"stage":"finished","steps":[{"name":"Given  User navigate to url","status":"passed","statusDetails":{"known":false,"muted":false,"flaky":false},"stage":"finished","steps":[],"attachments":[],"parameters":[],"start":1686590108881,"stop":1686590108882},{"name":"When  User fill the form sign in from given sheetname \"SignIn\" and rowNumber 0","status":"passed","statusDetails":{"known":false,"muted":false,"flaky":false},"stage":"finished","steps":[{"name":"Clear and Fill text on text box","status":"passed","stage":"finished","steps":[{"name":"Verify element visible By.id: email","status":"passed","stage":"finished","steps":[],"attachments":[],"parameters":[{"name":"by","value":"By.id: email"},{"name":"timeout","value":"1"}],"start":1686590110157,"stop":1686590110193},{"name":"Verify element visible By.id: email","status":"passed","stage":"finished","steps":[],"attachments":[],"parameters":[{"name":"by","value":"By.id: email"},{"name":"timeout","value":"1"}],"start":1686590110293,"stop":1686590110323}],"attachments":[],"parameters":[{"name":"by","value":"By.id: email"},{"name":"value","value":"admin"}],"start":1686590110132,"stop":1686590110431},{"name":"Clear and Fill text on text box","status":"passed","stage":"finished","steps":[{"name":"Verify element visible By.id: password","status":"passed","stage":"finished","steps":[],"attachments":[],"parameters":[{"name":"by","value":"By.id: password"},{"name":"timeout","value":"1"}],"start":1686590110460,"stop":1686590110497},{"name":"Verify element visible By.id: password","status":"passed","stage":"finished","steps":[],"attachments":[],"parameters":[{"name":"by","value":"By.id: password"},{"name":"timeout","value":"1"}],"start":1686590110611,"stop":1686590110644}],"attachments":[],"parameters":[{"name":"by","value":"By.id: password"},{"name":"value","value":"riseDemo"}],"start":1686590110431,"stop":1686590110724}],"attachments":[],"parameters":[],"start":1686590108883,"stop":1686590110725},{"name":"And  User clicks on Sign in button","status":"passed","statusDetails":{"known":false,"muted":false,"flaky":false},"stage":"finished","steps":[{"name":"Click on the element By.xpath: //button[normalize-space()='Sign in']","status":"passed","stage":"finished","steps":[{"name":"Verify element visible By.xpath: //button[normalize-space()='Sign in']","status":"passed","stage":"finished","steps":[],"attachments":[],"parameters":[{"name":"by","value":"By.xpath: //button[normalize-space()='Sign in']"},{"name":"timeout","value":"1"}],"start":1686590110751,"stop":1686590110781}],"attachments":[],"parameters":[{"name":"by","value":"By.xpath: //button[normalize-space()='Sign in']"}],"start":1686590110725,"stop":1686590110848}],"attachments":[],"parameters":[],"start":1686590110725,"stop":1686590110849},{"name":"Then  User receives a formatting error message right under the email field","status":"failed","statusDetails":{"known":false,"muted":false,"flaky":false,"message":"Please enter a valid email address. != Please enter a valid email address…. expected [Please enter a valid email address….] but found [Please enter a valid email address.]","trace":"java.lang.AssertionError: Please enter a valid email address. != Please enter a valid email address…. expected [Please enter a valid email address….] but found [Please enter a valid email address.]\r\n\tat org.testng.Assert.fail(Assert.java:99)\r\n\tat org.testng.Assert.failNotEquals(Assert.java:1037)\r\n\tat org.testng.Assert.assertEqualsImpl(Assert.java:140)\r\n\tat org.testng.Assert.assertEquals(Assert.java:122)\r\n\tat buihanh.keywords.WebUI.verifyEquals(WebUI.java:898)\r\n\tat buihanh.projects.steps.SigninSteps.user_receives_a_formatting_error_message_right_under_the_email_field(SigninSteps.java:72)\r\n\tat ✽.User receives a formatting error message right under the email field(file:///F:/Eclipse/buihanh-doanTN-BDD/src/test/resources/Features/Signin.feature:28)\r\n"},"stage":"finished","steps":[{"name":"Get text of element By.id: email-error","status":"passed","stage":"finished","steps":[{"name":"Verify element visible By.id: email-error","status":"passed","stage":"finished","steps":[],"attachments":[],"parameters":[{"name":"by","value":"By.id: email-error"},{"name":"timeout","value":"1"}],"start":1686590110883,"stop":1686590110916}],"attachments":[],"parameters":[{"name":"by","value":"By.id: email-error"}],"start":1686590110850,"stop":1686590110954},{"name":"Verify Equals: Please enter a valid email address. ---AND--- Please enter a valid email address….","status":"failed","statusDetails":{"known":false,"muted":false,"flaky":false,"message":"Please enter a valid email address. != Please enter a valid email address…. expected [Please enter a valid email address….] but found [Please enter a valid email address.]","trace":"java.lang.AssertionError: Please enter a valid email address. != Please enter a valid email address…. expected [Please enter a valid email address….] but found [Please enter a valid email address.]\r\n\tat org.testng.Assert.fail(Assert.java:99)\r\n\tat org.testng.Assert.failNotEquals(Assert.java:1037)\r\n\tat org.testng.Assert.assertEqualsImpl(Assert.java:140)\r\n\tat org.testng.Assert.assertEquals(Assert.java:122)\r\n\tat buihanh.keywords.WebUI.verifyEquals(WebUI.java:898)\r\n\tat buihanh.projects.steps.SigninSteps.user_receives_a_formatting_error_message_right_under_the_email_field(SigninSteps.java:72)\r\n\tat java.base/jdk.internal.reflect.DirectMethodHandleAccessor.invoke(DirectMethodHandleAccessor.java:104)\r\n\tat java.base/java.lang.reflect.Method.invoke(Method.java:577)\r\n\tat io.cucumber.java.Invoker.doInvoke(Invoker.java:66)\r\n\tat io.cucumber.java.Invoker.invoke(Invoker.java:24)\r\n\tat io.cucumber.java.AbstractGlueDefinition.invokeMethod(AbstractGlueDefinition.java:47)\r\n\tat io.cucumber.java.JavaStepDefinition.execute(JavaStepDefinition.java:29)\r\n\tat io.cucumber.core.runner.CoreStepDefinition.execute(CoreStepDefinition.java:66)\r\n\tat io.cucumber.core.runner.PickleStepDefinitionMatch.runStep(PickleStepDefinitionMatch.java:63)\r\n\tat io.cucumber.core.runner.ExecutionMode$1.execute(ExecutionMode.java:10)\r\n\tat io.cucumber.core.runner.TestStep.executeStep(TestStep.java:86)\r\n\tat io.cucumber.core.runner.TestStep.run(TestStep.java:57)\r\n\tat io.cucumber.core.runner.PickleStepTestStep.run(PickleStepTestStep.java:51)\r\n\tat io.cucumber.core.runner.TestCase.run(TestCase.java:95)\r\n\tat io.cucumber.core.runner.Runner.runPickle(Runner.java:75)\r\n\tat io.cucumber.junit.PickleRunners$NoStepDescriptions.lambda$run$0(PickleRunners.java:151)\r\n\tat io.cucumber.core.runtime.CucumberExecutionContext.lambda$runTestCase$3(CucumberExecutionContext.java:151)\r\n\tat io.cucumber.core.runtime.RethrowingThrowableCollector.executeAndThrow(RethrowingThrowableCollector.java:23)\r\n\tat io.cucumber.core.runtime.CucumberExecutionContext.runTestCase(CucumberExecutionContext.java:151)\r\n\tat io.cucumber.junit.PickleRunners$NoStepDescriptions.run(PickleRunners.java:148)\r\n\tat io.cucumber.junit.FeatureRunner.runChild(FeatureRunner.java:144)\r\n\tat io.cucumber.junit.FeatureRunner.runChild(FeatureRunner.java:28)\r\n\tat org.junit.runners.ParentRunner$4.run(ParentRunner.java:331)\r\n\tat org.junit.runners.ParentRunner$1.schedule(ParentRunner.java:79)\r\n\tat org.junit.runners.ParentRunner.runChildren(ParentRunner.java:329)\r\n\tat org.junit.runners.ParentRunner.access$100(ParentRunner.java:66)\r\n\tat org.junit.runners.ParentRunner$2.evaluate(ParentRunner.java:293)\r\n\tat org.junit.runners.ParentRunner$3.evaluate(ParentRunner.java:306)\r\n\tat org.junit.runners.ParentRunner.run(ParentRunner.java:413)\r\n\tat io.cucumber.junit.FeatureRunner.run(FeatureRunner.java:137)\r\n\tat io.cucumber.junit.Cucumber.runChild(Cucumber.java:196)\r\n\tat io.cucumber.junit.Cucumber.runChild(Cucumber.java:89)\r\n\tat org.junit.runners.ParentRunner$4.run(ParentRunner.java:331)\r\n\tat org.junit.runners.ParentRunner$1.schedule(ParentRunner.java:79)\r\n\tat org.junit.runners.ParentRunner.runChildren(ParentRunner.java:329)\r\n\tat org.junit.runners.ParentRunner.access$100(ParentRunner.java:66)\r\n\tat org.junit.runners.ParentRunner$2.evaluate(ParentRunner.java:293)\r\n\tat io.cucumber.junit.Cucumber$RunBeforeAllHooks.evaluate(Cucumber.java:266)\r\n\tat io.cucumber.junit.Cucumber$RunAfterAllHooks.evaluate(Cucumber.java:281)\r\n\tat io.cucumber.junit.Cucumber$StartTestRun.evaluate(Cucumber.java:233)\r\n\tat io.cucumber.junit.Cucumber$FinishTestRun.evaluate(Cucumber.java:248)\r\n\tat org.junit.runners.ParentRunner$3.evaluate(ParentRunner.java:306)\r\n\tat org.junit.runners.ParentRunner.run(ParentRunner.java:413)\r\n\tat org.junit.runner.JUnitCore.run(JUnitCore.java:137)\r\n\tat org.junit.runner.JUnitCore.run(JUnitCore.java:115)\r\n\tat org.junit.vintage.engine.execution.RunnerExecutor.execute(RunnerExecutor.java:42)\r\n\tat org.junit.vintage.engine.VintageTestEngine.executeAllChildren(VintageTestEngine.java:80)\r\n\tat org.junit.vintage.engine.VintageTestEngine.execute(VintageTestEngine.java:72)\r\n\tat org.junit.platform.launcher.core.EngineExecutionOrchestrator.execute(EngineExecutionOrchestrator.java:107)\r\n\tat org.junit.platform.launcher.core.EngineExecutionOrchestrator.execute(EngineExecutionOrchestrator.java:88)\r\n\tat org.junit.platform.launcher.core.EngineExecutionOrchestrator.lambda$execute$0(EngineExecutionOrchestrator.java:54)\r\n\tat org.junit.platform.launcher.core.EngineExecutionOrchestrator.withInterceptedStreams(EngineExecutionOrchestrator.java:67)\r\n\tat org.junit.platform.launcher.core.EngineExecutionOrchestrator.execute(EngineExecutionOrchestrator.java:52)\r\n\tat org.junit.platform.launcher.core.DefaultLauncher.execute(DefaultLauncher.java:114)\r\n\tat org.junit.platform.launcher.core.DefaultLauncher.execute(DefaultLauncher.java:86)\r\n\tat org.junit.platform.launcher.core.DefaultLauncherSession$DelegatingLauncher.execute(DefaultLauncherSession.java:86)\r\n\tat org.junit.platform.launcher.core.SessionPerRequestLauncher.execute(SessionPerRequestLauncher.java:53)\r\n\tat org.apache.maven.surefire.junitplatform.JUnitPlatformProvider.execute(JUnitPlatformProvider.java:188)\r\n\tat org.apache.maven.surefire.junitplatform.JUnitPlatformProvider.invokeAllTests(JUnitPlatformProvider.java:154)\r\n\tat org.apache.maven.surefire.junitplatform.JUnitPlatformProvider.invoke(JUnitPlatformProvider.java:128)\r\n\tat org.apache.maven.surefire.booter.ForkedBooter.runSuitesInProcess(ForkedBooter.java:428)\r\n\tat org.apache.maven.surefire.booter.ForkedBooter.execute(ForkedBooter.java:162)\r\n\tat org.apache.maven.surefire.booter.ForkedBooter.run(ForkedBooter.java:562)\r\n\tat org.apache.maven.surefire.booter.ForkedBooter.main(ForkedBooter.java:548)\r\n"},"stage":"finished","steps":[],"attachments":[],"parameters":[{"name":"value1","value":"Please enter a valid email address."},{"name":"value2","value":"Please enter a valid email address…."}],"start":1686590110955,"stop":1686590111976}],"attachments":[],"parameters":[],"start":1686590110849,"stop":1686590111977}],"attachments":[],"parameters":[{"name":"SheetName","value":"SignIn"},{"name":"rowNumber","value":"0"}],"start":1686590103112,"stop":1686590113528}